#
# There is insufficient memory for the Java Runtime Environment to continue.
# Native memory allocation (malloc) failed to allocate 585664 bytes for Chunk::new
# Possible reasons:
#   The system is out of physical RAM or swap space
#   In 32 bit mode, the process size limit was hit
# Possible solutions:
#   Reduce memory load on the system
#   Increase physical memory or swap space
#   Check if swap backing store is full
#   Use 64 bit Java on a 64 bit OS
#   Decrease Java heap size (-Xmx/-Xms)
#   Decrease number of Java threads
#   Decrease Java thread stack sizes (-Xss)
#   Set larger code cache with -XX:ReservedCodeCacheSize=
# This output file may be truncated or incomplete.
#
#  Out of Memory Error (allocation.cpp:390), pid=2020, tid=0x00000000000014f4
#
# JRE version: OpenJDK Runtime Environment (8.0_152-b01) (build 1.8.0_152-release-915-b01)
# Java VM: OpenJDK 64-Bit Server VM (25.152-b01 mixed mode windows-amd64 compressed oops)
# Failed to write core dump. Minidumps are not enabled by default on client versions of Windows
#

---------------  T H R E A D  ---------------

Current thread (0x0000000055cec800):  JavaThread "C2 CompilerThread0" daemon [_thread_in_native, id=5364, stack(0x0000000056610000,0x0000000056710000)]

Stack: [0x0000000056610000,0x0000000056710000]
[error occurred during error reporting (printing stack bounds), id 0xc0000005]

Native frames: (J=compiled Java code, j=interpreted, Vv=VM code, C=native code)


Current CompileTask:
C2:    995  509       4       com.android.dx.cf.direct.StdAttributeFactory::parse0 (568 bytes)


---------------  P R O C E S S  ---------------

Java Threads: ( => current thread )
  0x0000000055d5a800 JavaThread "Service Thread" daemon [_thread_blocked, id=5544, stack(0x0000000056730000,0x0000000056830000)]
  0x0000000055cf7000 JavaThread "C1 CompilerThread2" daemon [_thread_blocked, id=6052, stack(0x00000000568d0000,0x00000000569d0000)]
  0x0000000055cf5800 JavaThread "C2 CompilerThread1" daemon [_thread_in_native, id=5644, stack(0x00000000562c0000,0x00000000563c0000)]
=>0x0000000055cec800 JavaThread "C2 CompilerThread0" daemon [_thread_in_native, id=5364, stack(0x0000000056610000,0x0000000056710000)]
  0x0000000055cd8800 JavaThread "Attach Listener" daemon [_thread_blocked, id=4612, stack(0x0000000056460000,0x0000000056560000)]
  0x00000000549af000 JavaThread "Signal Dispatcher" daemon [_thread_blocked, id=5712, stack(0x00000000561a0000,0x00000000562a0000)]
  0x000000005498b800 JavaThread "Finalizer" daemon [_thread_blocked, id=4260, stack(0x0000000055bd0000,0x0000000055cd0000)]
  0x0000000054942800 JavaThread "Reference Handler" daemon [_thread_blocked, id=4224, stack(0x00000000558c0000,0x00000000559c0000)]
  0x000000000205f800 JavaThread "main" [_thread_in_native, id=2412, stack(0x0000000002340000,0x0000000002440000)]

Other Threads:
  0x000000005493d000 VMThread [stack: 0x00000000559e0000,0x0000000055ae0000] [id=1028]
  0x0000000055d64000 WatcherThread [stack: 0x0000000056a40000,0x0000000056b40000] [id=1492]

VM state:not at safepoint (normal execution)

VM Mutex/Monitor currently owned by a thread: None

Heap:
 PSYoungGen      total 17920K, used 9245K [0x00000000ec180000, 0x00000000ed580000, 0x0000000100000000)
  eden space 15360K, 43% used [0x00000000ec180000,0x00000000ec80c4a8,0x00000000ed080000)
  from space 2560K, 99% used [0x00000000ed080000,0x00000000ed2fb070,0x00000000ed300000)
  to   space 2560K, 0% used [0x00000000ed300000,0x00000000ed300000,0x00000000ed580000)
 ParOldGen       total 40960K, used 6314K [0x00000000c4400000, 0x00000000c6c00000, 0x00000000ec180000)
  object space 40960K, 15% used [0x00000000c4400000,0x00000000c4a2aae0,0x00000000c6c00000)
 Metaspace       used 3854K, capacity 5144K, committed 5376K, reserved 1056768K
  class space    used 396K, capacity 456K, committed 512K, reserved 1048576K

Card table byte_map: [0x0000000002160000,0x0000000002340000] byte_map_base: 0x0000000001b3e000

Marking Bits: (ParMarkBitMap*) 0x0000000070463950
 Begin Bits: [0x0000000011ff0000, 0x0000000012ee0000)
 End Bits:   [0x0000000012ee0000, 0x0000000013dd0000)

Polling page: 0x0000000000110000

CodeCache: size=245760Kb used=3120Kb max_used=3120Kb free=242639Kb
 bounds [0x0000000002440000, 0x0000000002750000, 0x0000000011440000]
 total_blobs=804 nmethods=553 adapters=165
 compilation: enabled

Compilation events (10 events):
Event: 0.950 Thread 0x0000000055cf7000  558       3       com.android.multidex.ArchivePathElement$1$1::next (30 bytes)
Event: 0.950 Thread 0x0000000055cf7000 nmethod 558 0x000000000274be90 code [0x000000000274c020, 0x000000000274c358]
Event: 0.950 Thread 0x0000000055cf7000  559       3       com.android.dx.cf.direct.DirectClassFile::getAttributes (9 bytes)
Event: 0.950 Thread 0x0000000055cf7000 nmethod 559 0x000000000274c490 code [0x000000000274c600, 0x000000000274c848]
Event: 0.954 Thread 0x0000000055cf7000  560       1       com.android.dx.cf.attrib.AttEnclosingMethod::byteLength (3 bytes)
Event: 0.954 Thread 0x0000000055cf7000 nmethod 560 0x000000000274c910 code [0x000000000274ca60, 0x000000000274cb70]
Event: 0.966 Thread 0x0000000055cf7000  562       3       com.android.dx.util.ByteArray::getLong (104 bytes)
Event: 0.966 Thread 0x0000000055cf7000 nmethod 562 0x000000000274cbd0 code [0x000000000274cd80, 0x000000000274d3e8]
Event: 0.966 Thread 0x0000000055cf7000  561       3       com.android.dx.rop.cst.CstLiteral64::<init> (10 bytes)
Event: 0.966 Thread 0x0000000055cf7000 nmethod 561 0x000000000274d810 code [0x000000000274d980, 0x000000000274dc50]

GC Heap History (8 events):
Event: 0.652 GC heap before
{Heap before GC invocations=1 (full 0):
 PSYoungGen      total 17920K, used 15360K [0x00000000ec180000, 0x00000000ed580000, 0x0000000100000000)
  eden space 15360K, 100% used [0x00000000ec180000,0x00000000ed080000,0x00000000ed080000)
  from space 2560K, 0% used [0x00000000ed300000,0x00000000ed300000,0x00000000ed580000)
  to   space 2560K, 0% used [0x00000000ed080000,0x00000000ed080000,0x00000000ed300000)
 ParOldGen       total 40960K, used 0K [0x00000000c4400000, 0x00000000c6c00000, 0x00000000ec180000)
  object space 40960K, 0% used [0x00000000c4400000,0x00000000c4400000,0x00000000c6c00000)
 Metaspace       used 3740K, capacity 5080K, committed 5376K, reserved 1056768K
  class space    used 392K, capacity 456K, committed 512K, reserved 1048576K
Event: 0.656 GC heap after
Heap after GC invocations=1 (full 0):
 PSYoungGen      total 17920K, used 2550K [0x00000000ec180000, 0x00000000ed580000, 0x0000000100000000)
  eden space 15360K, 0% used [0x00000000ec180000,0x00000000ec180000,0x00000000ed080000)
  from space 2560K, 99% used [0x00000000ed080000,0x00000000ed2fdb88,0x00000000ed300000)
  to   space 2560K, 0% used [0x00000000ed300000,0x00000000ed300000,0x00000000ed580000)
 ParOldGen       total 40960K, used 80K [0x00000000c4400000, 0x00000000c6c00000, 0x00000000ec180000)
  object space 40960K, 0% used [0x00000000c4400000,0x00000000c4414040,0x00000000c6c00000)
 Metaspace       used 3740K, capacity 5080K, committed 5376K, reserved 1056768K
  class space    used 392K, capacity 456K, committed 512K, reserved 1048576K
}
Event: 0.733 GC heap before
{Heap before GC invocations=2 (full 0):
 PSYoungGen      total 17920K, used 17910K [0x00000000ec180000, 0x00000000ed580000, 0x0000000100000000)
  eden space 15360K, 100% used [0x00000000ec180000,0x00000000ed080000,0x00000000ed080000)
  from space 2560K, 99% used [0x00000000ed080000,0x00000000ed2fdb88,0x00000000ed300000)
  to   space 2560K, 0% used [0x00000000ed300000,0x00000000ed300000,0x00000000ed580000)
 ParOldGen       total 40960K, used 80K [0x00000000c4400000, 0x00000000c6c00000, 0x00000000ec180000)
  object space 40960K, 0% used [0x00000000c4400000,0x00000000c4414040,0x00000000c6c00000)
 Metaspace       used 3790K, capacity 5144K, committed 5376K, reserved 1056768K
  class space    used 392K, capacity 456K, committed 512K, reserved 1048576K
Event: 0.752 GC heap after
Heap after GC invocations=2 (full 0):
 PSYoungGen      total 17920K, used 2553K [0x00000000ec180000, 0x00000000ed580000, 0x0000000100000000)
  eden space 15360K, 0% used [0x00000000ec180000,0x00000000ec180000,0x00000000ed080000)
  from space 2560K, 99% used [0x00000000ed300000,0x00000000ed57e510,0x00000000ed580000)
  to   space 2560K, 0% used [0x00000000ed080000,0x00000000ed080000,0x00000000ed300000)
 ParOldGen       total 40960K, used 939K [0x00000000c4400000, 0x00000000c6c00000, 0x00000000ec180000)
  object space 40960K, 2% used [0x00000000c4400000,0x00000000c44eaed8,0x00000000c6c00000)
 Metaspace       used 3790K, capacity 5144K, committed 5376K, reserved 1056768K
  class space    used 392K, capacity 456K, committed 512K, reserved 1048576K
}
Event: 0.820 GC heap before
{Heap before GC invocations=3 (full 0):
 PSYoungGen      total 17920K, used 17913K [0x00000000ec180000, 0x00000000ed580000, 0x0000000100000000)
  eden space 15360K, 100% used [0x00000000ec180000,0x00000000ed080000,0x00000000ed080000)
  from space 2560K, 99% used [0x00000000ed300000,0x00000000ed57e510,0x00000000ed580000)
  to   space 2560K, 0% used [0x00000000ed080000,0x00000000ed080000,0x00000000ed300000)
 ParOldGen       total 40960K, used 939K [0x00000000c4400000, 0x00000000c6c00000, 0x00000000ec180000)
  object space 40960K, 2% used [0x00000000c4400000,0x00000000c44eaed8,0x00000000c6c00000)
 Metaspace       used 3830K, capacity 5144K, committed 5376K, reserved 1056768K
  class space    used 392K, capacity 456K, committed 512K, reserved 1048576K
Event: 0.825 GC heap after
Heap after GC invocations=3 (full 0):
 PSYoungGen      total 17920K, used 2540K [0x00000000ec180000, 0x00000000ed580000, 0x0000000100000000)
  eden space 15360K, 0% used [0x00000000ec180000,0x00000000ec180000,0x00000000ed080000)
  from space 2560K, 99% used [0x00000000ed080000,0x00000000ed2fb050,0x00000000ed300000)
  to   space 2560K, 0% used [0x00000000ed300000,0x00000000ed300000,0x00000000ed580000)
 ParOldGen       total 40960K, used 2222K [0x00000000c4400000, 0x00000000c6c00000, 0x00000000ec180000)
  object space 40960K, 5% used [0x00000000c4400000,0x00000000c462b8c8,0x00000000c6c00000)
 Metaspace       used 3830K, capacity 5144K, committed 5376K, reserved 1056768K
  class space    used 392K, capacity 456K, committed 512K, reserved 1048576K
}
Event: 0.888 GC heap before
{Heap before GC invocations=4 (full 0):
 PSYoungGen      total 17920K, used 17900K [0x00000000ec180000, 0x00000000ed580000, 0x0000000100000000)
  eden space 15360K, 100% used [0x00000000ec180000,0x00000000ed080000,0x00000000ed080000)
  from space 2560K, 99% used [0x00000000ed080000,0x00000000ed2fb050,0x00000000ed300000)
  to   space 2560K, 0% used [0x00000000ed300000,0x00000000ed300000,0x00000000ed580000)
 ParOldGen       total 40960K, used 2222K [0x00000000c4400000, 0x00000000c6c00000, 0x00000000ec180000)
  object space 40960K, 5% used [0x00000000c4400000,0x00000000c462b8c8,0x00000000c6c00000)
 Metaspace       used 3834K, capacity 5144K, committed 5376K, reserved 1056768K
  class space    used 393K, capacity 456K, committed 512K, reserved 1048576K
Event: 0.908 GC heap after
Heap after GC invocations=4 (full 0):
 PSYoungGen      total 17920K, used 2529K [0x00000000ec180000, 0x00000000ed580000, 0x0000000100000000)
  eden space 15360K, 0% used [0x00000000ec180000,0x00000000ec180000,0x00000000ed080000)
  from space 2560K, 98% used [0x00000000ed300000,0x00000000ed578548,0x00000000ed580000)
  to   space 2560K, 0% used [0x00000000ed080000,0x00000000ed080000,0x00000000ed300000)
 ParOldGen       total 40960K, used 3968K [0x00000000c4400000, 0x00000000c6c00000, 0x00000000ec180000)
  object space 40960K, 9% used [0x00000000c4400000,0x00000000c47e00d0,0x00000000c6c00000)
 Metaspace       used 3834K, capacity 5144K, committed 5376K, reserved 1056768K
  class space    used 393K, capacity 456K, committed 512K, reserved 1048576K
}

Deoptimization events (3 events):
Event: 0.724 Thread 0x000000000205f800 Uncommon trap: reason=unstable_if action=reinterpret pc=0x00000000026bad3c method=com.android.dx.cf.direct.StdAttributeFactory.parse0(Lcom/android/dx/cf/direct/DirectClassFile;ILjava/lang/String;IILcom/android/dx/cf/iface/ParseObserver;)Lcom/android/dx/cf
Event: 0.758 Thread 0x000000000205f800 Uncommon trap: reason=unstable_if action=reinterpret pc=0x00000000026e2adc method=java.util.concurrent.ConcurrentHashMap.get(Ljava/lang/Object;)Ljava/lang/Object; @ 127
Event: 0.876 Thread 0x000000000205f800 Uncommon trap: reason=unstable_if action=reinterpret pc=0x0000000002690fcc method=java.util.concurrent.ConcurrentHashMap.get(Ljava/lang/Object;)Ljava/lang/Object; @ 127

Classes redefined (0 events):
No events

Internal exceptions (2 events):
Event: 0.067 Thread 0x000000000205f800 Exception <a 'java/lang/NoSuchMethodError': Method sun.misc.Unsafe.defineClass(Ljava/lang/String;[BII)Ljava/lang/Class; name or signature does not match> (0x00000000ec187ca8) thrown at [D:\src\AOSP-openjdk-cygwin\jdk8u\hotspot\src\share\vm\prims\jni.cpp, 
Event: 0.067 Thread 0x000000000205f800 Exception <a 'java/lang/NoSuchMethodError': Method sun.misc.Unsafe.prefetchRead(Ljava/lang/Object;J)V name or signature does not match> (0x00000000ec187f90) thrown at [D:\src\AOSP-openjdk-cygwin\jdk8u\hotspot\src\share\vm\prims\jni.cpp, line 4011]

Events (10 events):
Event: 0.913 loading class java/util/HashMap$KeyIterator
Event: 0.913 loading class java/util/HashMap$HashIterator
Event: 0.913 loading class java/util/HashMap$HashIterator done
Event: 0.913 loading class java/util/HashMap$KeyIterator done
Event: 0.914 loading class com/android/multidex/ArchivePathElement$1
Event: 0.914 loading class com/android/multidex/ArchivePathElement$1 done
Event: 0.914 loading class com/android/multidex/ArchivePathElement$1$1
Event: 0.914 loading class com/android/multidex/ArchivePathElement$1$1 done
Event: 0.915 loading class java/util/NoSuchElementException
Event: 0.915 loading class java/util/NoSuchElementException done


Dynamic libraries:
0x000000013f290000 - 0x000000013f2c1000 	D:\Android\Android1\jre\bin\java.exe
0x0000000077010000 - 0x00000000771ba000 	C:\Windows\SYSTEM32\ntdll.dll
0x0000000076df0000 - 0x0000000076f0f000 	C:\Windows\system32\kernel32.dll
0x000007fefcef0000 - 0x000007fefcf5a000 	C:\Windows\system32\KERNELBASE.dll
0x000007fefef30000 - 0x000007feff00b000 	C:\Windows\system32\ADVAPI32.dll
0x000007feff280000 - 0x000007feff31f000 	C:\Windows\system32\msvcrt.dll
0x000007fefe500000 - 0x000007fefe51f000 	C:\Windows\SYSTEM32\sechost.dll
0x000007fefed10000 - 0x000007fefee3d000 	C:\Windows\system32\RPCRT4.dll
0x0000000076f10000 - 0x000000007700a000 	C:\Windows\system32\USER32.dll
0x000007fefd550000 - 0x000007fefd5b7000 	C:\Windows\system32\GDI32.dll
0x000007fefe520000 - 0x000007fefe52e000 	C:\Windows\system32\LPK.dll
0x000007fefea60000 - 0x000007fefeb2b000 	C:\Windows\system32\USP10.dll
0x000007fefb850000 - 0x000007fefba44000 	C:\Windows\WinSxS\amd64_microsoft.windows.common-controls_6595b64144ccf1df_6.0.7601.18837_none_fa3b1e3d17594757\COMCTL32.dll
0x000007fefe750000 - 0x000007fefe7c1000 	C:\Windows\system32\SHLWAPI.dll
0x000007fefe4d0000 - 0x000007fefe4fe000 	C:\Windows\system32\IMM32.DLL
0x000007fefd210000 - 0x000007fefd319000 	C:\Windows\system32\MSCTF.dll
0x000007fefcd80000 - 0x000007fefcdb2000 	C:\Windows\system32\nvinitx.dll
0x0000000072450000 - 0x0000000072522000 	D:\Android\Android1\jre\jre\bin\msvcr100.dll
0x000000006fca0000 - 0x00000000704de000 	D:\Android\Android1\jre\jre\bin\server\jvm.dll
0x000007fef98d0000 - 0x000007fef98d9000 	C:\Windows\system32\WSOCK32.dll
0x000007fefee40000 - 0x000007fefee8d000 	C:\Windows\system32\WS2_32.dll
0x000007fefe530000 - 0x000007fefe538000 	C:\Windows\system32\NSI.dll
0x000007fefa140000 - 0x000007fefa17b000 	C:\Windows\system32\WINMM.dll
0x000007fefbee0000 - 0x000007fefbeec000 	C:\Windows\system32\VERSION.dll
0x00000000771e0000 - 0x00000000771e7000 	C:\Windows\system32\PSAPI.DLL
0x000007fef69c0000 - 0x000007fef69cf000 	D:\Android\Android1\jre\jre\bin\verify.dll
0x000007fef6990000 - 0x000007fef69b9000 	D:\Android\Android1\jre\jre\bin\java.dll
0x000007fef4460000 - 0x000007fef4476000 	D:\Android\Android1\jre\jre\bin\zip.dll
0x000007fefd5c0000 - 0x000007fefe34b000 	C:\Windows\system32\SHELL32.dll
0x000007fefe540000 - 0x000007fefe743000 	C:\Windows\system32\ole32.dll
0x000007fefce50000 - 0x000007fefce5f000 	C:\Windows\system32\profapi.dll

VM Arguments:
jvm_args: -Djava.awt.headless=true -Dfile.encoding=GBK -Duser.country=CN -Duser.language=zh -Duser.variant 
java_command: com.android.multidex.ClassReferenceListBuilder E:\COPDManager\app\build\intermediates\multi-dex\release\componentClasses.jar E:\COPDManager\app\build\intermediates\transforms\jarMerging\release\0.jar
java_class_path (initial): C:\Users\Administrator\AppData\Local\Android\Sdk\build-tools\26.0.2\lib\dx.jar
Launcher Type: SUN_STANDARD

Environment Variables:
CLASSPATH=F:\LINGO64_15\Lingo14.jar.;D:\java\lib\dt.jar;D:\java\lib\tools.jar
PATH=C:\ProgramData\Oracle\Java\javapath;C:\Program Files (x86)\Common Files\NetSarang;C:\Windows\system32;C:\Windows;C:\Windows\System32\Wbem;C:\Windows\System32\WindowsPowerShell\v1.0\;E:\bin\win32;C:\Program Files (x86)\PTV_Vision\NEMA\JRE\bin\client;F:\MATLAB3\runtime\win64;F:\MATLAB3\bin;C:\Users\Administrator\AppData\Local\Android\sdk\platform-tools;C:\Users\Administrator\AppData\Local\Android\sdk\tools;;D:\Android\Git\Git\cmd;C:\Users\Administrator\AppData\Local\Android\sdk\platform-tools;E:\java_JDK\bin;D:\‘”∆ﬂ‘”∞À\VC\Common\Tools\WinNT;D:\‘”∆ﬂ‘”∞À\VC\Common\MSDev98\Bin;D:\‘”∆ﬂ‘”∞À\VC\Common\Tools;D:\‘”∆ﬂ‘”∞À\VC\VC98\bin;D:\‘”∆ﬂ‘”∞À\VC\Tools\WinNT;D:\‘”∆ﬂ‘”∞À\VC\MSDev98\Bin;D:\‘”∆ﬂ‘”∞À\VC\Tools;D:\‘”∆ﬂ‘”∞À\VC98\bin;C:\Program Files (x86)\Microsoft Visual Studio\Common\Tools\WinNT;C:\Program Files (x86)\Microsoft Visual Studio\Common\MSDev98\Bin;C:\Program Files (x86)\Microsoft Visual Studio\Common\Tools;C:\Program Files (x86)\Microsoft Visual Studio\VC98\bin;D:\mysql\mysql-5.7.19-winx64\bin;D:\java\bin;D:\java\jre\bin;C:\Users\Administrator\AppData\Local\Android\Sdk\tools;C:\Users\Administrator\AppData\Local\Android\sdk\platform-tools;;.;;.;
USERNAME=Administrator
OS=Windows_NT
PROCESSOR_IDENTIFIER=Intel64 Family 6 Model 60 Stepping 3, GenuineIntel



---------------  S Y S T E M  ---------------

OS: Windows 7 , 64 bit Build 7601 (6.1.7601.23807)

CPU:total 4 (initial active 4) (2 cores per cpu, 2 threads per core) family 6 model 60 stepping 3, cmov, cx8, fxsr, mmx, sse, sse2, sse3, ssse3, sse4.1, sse4.2, popcnt, avx, avx2, aes, clmul, erms, lzcnt, ht, tsc, tscinvbit, bmi1, bmi2

Memory: 4k page, physical 3913336k(138380k free), swap 4960052k(5132k free)

vm_info: OpenJDK 64-Bit Server VM (25.152-b01) for windows-amd64 JRE (1.8.0_152-release-915-b01), built by "builder" with MS VC++ 10.0 (VS2010)

time: Tue Mar 27 16:37:55 2018
elapsed time: 1 seconds (0d 0h 0m 1s)

